<?xml version="1.0" encoding="UTF-8"?>
<!-- Generated by org.testng.reporters.JUnitXMLReporter -->
<testsuite hostname="DESKTOP-FA26077" ignored="0" tests="7" failures="0" timestamp="08 апр 2020 09:55:57 GMT" time="1.753" errors="0">
  <testcase name="TestOperationsItems" time="0.342" classname="TestItems"/>
  <testcase name="addBagInStack" time="0.021" classname="TestItems"/>
  <testcase name="addContainerToContainer" time="0.003" classname="TestItems"/>
  <testcase name="mistakesStoreOperationItems" time="0.006" classname="TestItems"/>
  <testcase name="mistakesWeightOperationItems" time="0.017" classname="TestItems"/>
  <testcase name="testCreateContainerItems" time="0.003" classname="TestItems"/>
  <testcase name="testCreateItems" time="0.004" classname="TestItems"/>
</testsuite>
